[2011-11-03 16:28:15] security.DEBUG: Read SecurityContext from the session [] []
[2011-11-03 16:28:15] security.DEBUG: Reloading user from user provider. [] []
[2011-11-03 16:28:15] security.DEBUG: Username "admin" was reloaded from user provider. [] []
[2011-11-03 16:28:15] request.ERROR: Symfony\Component\HttpKernel\Exception\NotFoundHttpException: No route found for "GET /\app_dev.php/vials/select" (uncaught exception) at /Users/u0078517/NetBeansProjects/LabDB/vendor/symfony/src/Symfony/Bundle/FrameworkBundle/EventListener/RouterListener.php line 85 [] []
[2011-11-03 16:28:15] security.DEBUG: Write SecurityContext in the session [] []
[2011-11-03 16:39:22] security.DEBUG: Read SecurityContext from the session [] []
[2011-11-03 16:39:22] security.DEBUG: Reloading user from user provider. [] []
[2011-11-03 16:39:22] security.DEBUG: Username "admin" was reloaded from user provider. [] []
[2011-11-03 16:39:22] request.ERROR: Symfony\Component\HttpKernel\Exception\NotFoundHttpException: No route found for "GET /\app_dev.php/vials/select" (uncaught exception) at /Users/u0078517/NetBeansProjects/LabDB/vendor/symfony/src/Symfony/Bundle/FrameworkBundle/EventListener/RouterListener.php line 85 [] []
[2011-11-03 16:39:22] security.DEBUG: Write SecurityContext in the session [] []
[2011-11-04 10:53:33] security.INFO: Populated SecurityContext with an anonymous Token [] []
[2011-11-04 10:53:33] request.ERROR: Symfony\Component\HttpKernel\Exception\NotFoundHttpException: No route found for "GET /css/0955ac5.css" (uncaught exception) at /Users/u0078517/NetBeansProjects/LabDB/app/cache/prod/classes.php line 4546 [] []
[2011-11-06 20:44:02] security.INFO: Populated SecurityContext with an anonymous Token [] []
[2011-11-06 20:44:02] request.ERROR: Symfony\Component\HttpKernel\Exception\NotFoundHttpException: No route found for "GET /css/0955ac5.css" (uncaught exception) at /Users/u0078517/NetBeansProjects/LabDB/app/cache/prod/classes.php line 4546 [] []
[2011-11-06 20:57:26] security.DEBUG: Read SecurityContext from the session [] []
[2011-11-06 20:57:26] security.DEBUG: Reloading user from user provider. [] []
[2011-11-06 20:57:26] security.DEBUG: Username "admin" was reloaded from user provider. [] []
[2011-11-06 20:57:26] request.ERROR: Symfony\Component\HttpKernel\Exception\NotFoundHttpException: No route found for "GET /js/128d030.js" (uncaught exception) at /Users/u0078517/NetBeansProjects/LabDB/app/cache/prod/classes.php line 4546 [] []
[2011-11-06 20:57:26] security.DEBUG: Write SecurityContext in the session [] []
[2011-11-06 20:57:26] security.DEBUG: Read SecurityContext from the session [] []
[2011-11-06 20:57:26] security.DEBUG: Reloading user from user provider. [] []
[2011-11-06 20:57:26] security.DEBUG: Username "admin" was reloaded from user provider. [] []
[2011-11-06 20:57:26] request.ERROR: Symfony\Component\HttpKernel\Exception\NotFoundHttpException: No route found for "GET /css/0955ac5.css" (uncaught exception) at /Users/u0078517/NetBeansProjects/LabDB/app/cache/prod/classes.php line 4546 [] []
[2011-11-06 20:57:26] security.DEBUG: Write SecurityContext in the session [] []
[2011-11-06 21:01:26] security.DEBUG: Read SecurityContext from the session [] []
[2011-11-06 21:01:26] security.DEBUG: Reloading user from user provider. [] []
[2011-11-06 21:01:26] security.DEBUG: Username "admin" was reloaded from user provider. [] []
[2011-11-06 21:01:26] request.ERROR: Symfony\Component\HttpKernel\Exception\NotFoundHttpException: No route found for "GET /css/0955ac5.css" (uncaught exception) at /Users/u0078517/NetBeansProjects/LabDB/app/cache/prod/classes.php line 4546 [] []
[2011-11-06 21:01:26] security.DEBUG: Write SecurityContext in the session [] []
[2011-11-06 21:01:26] security.DEBUG: Read SecurityContext from the session [] []
[2011-11-06 21:01:26] security.DEBUG: Reloading user from user provider. [] []
[2011-11-06 21:01:26] security.DEBUG: Username "admin" was reloaded from user provider. [] []
[2011-11-06 21:01:26] request.ERROR: Symfony\Component\HttpKernel\Exception\NotFoundHttpException: No route found for "GET /js/128d030.js" (uncaught exception) at /Users/u0078517/NetBeansProjects/LabDB/app/cache/prod/classes.php line 4546 [] []
[2011-11-06 21:01:26] security.DEBUG: Write SecurityContext in the session [] []
[2011-11-06 21:01:45] security.DEBUG: Read SecurityContext from the session [] []
[2011-11-06 21:01:45] security.DEBUG: Reloading user from user provider. [] []
[2011-11-06 21:01:45] security.DEBUG: Username "admin" was reloaded from user provider. [] []
[2011-11-06 21:01:45] request.ERROR: Symfony\Component\HttpKernel\Exception\NotFoundHttpException: No route found for "GET /css/0955ac5.css" (uncaught exception) at /Users/u0078517/NetBeansProjects/LabDB/app/cache/prod/classes.php line 4546 [] []
[2011-11-06 21:01:45] security.DEBUG: Write SecurityContext in the session [] []
[2011-11-06 21:01:45] security.DEBUG: Read SecurityContext from the session [] []
[2011-11-06 21:01:45] security.DEBUG: Reloading user from user provider. [] []
[2011-11-06 21:01:45] security.DEBUG: Username "admin" was reloaded from user provider. [] []
[2011-11-06 21:01:45] request.ERROR: Symfony\Component\HttpKernel\Exception\NotFoundHttpException: No route found for "GET /js/128d030.js" (uncaught exception) at /Users/u0078517/NetBeansProjects/LabDB/app/cache/prod/classes.php line 4546 [] []
[2011-11-06 21:01:45] security.DEBUG: Write SecurityContext in the session [] []
[2011-11-06 21:05:49] security.DEBUG: Read SecurityContext from the session [] []
[2011-11-06 21:05:49] security.DEBUG: Reloading user from user provider. [] []
[2011-11-06 21:05:49] security.DEBUG: Username "admin" was reloaded from user provider. [] []
[2011-11-06 21:05:49] request.ERROR: Symfony\Component\HttpKernel\Exception\NotFoundHttpException: No route found for "GET /css/0955ac5.css" (uncaught exception) at /Users/u0078517/NetBeansProjects/LabDB/app/cache/prod/classes.php line 4546 [] []
[2011-11-06 21:05:49] security.DEBUG: Write SecurityContext in the session [] []
[2011-11-06 21:05:49] security.DEBUG: Read SecurityContext from the session [] []
[2011-11-06 21:05:49] security.DEBUG: Reloading user from user provider. [] []
[2011-11-06 21:05:49] security.DEBUG: Username "admin" was reloaded from user provider. [] []
[2011-11-06 21:05:49] request.ERROR: Symfony\Component\HttpKernel\Exception\NotFoundHttpException: No route found for "GET /js/128d030.js" (uncaught exception) at /Users/u0078517/NetBeansProjects/LabDB/app/cache/prod/classes.php line 4546 [] []
[2011-11-06 21:05:49] security.DEBUG: Write SecurityContext in the session [] []
[2011-11-09 11:37:09] security.INFO: Populated SecurityContext with an anonymous Token [] []
[2011-11-09 11:37:09] request.ERROR: Symfony\Component\HttpKernel\Exception\NotFoundHttpException: No route found for "GET /css/0955ac5.css" (uncaught exception) at /Users/u0078517/NetBeansProjects/LabDB/app/cache/prod/classes.php line 4546 [] []
[2011-11-09 11:37:11] security.DEBUG: Read SecurityContext from the session [] []
[2011-11-09 11:37:11] security.DEBUG: Reloading user from user provider. [] []
[2011-11-09 11:37:11] security.DEBUG: Username "admin" was reloaded from user provider. [] []
[2011-11-09 11:37:11] request.ERROR: Symfony\Component\HttpKernel\Exception\NotFoundHttpException: No route found for "GET /js/128d030.js" (uncaught exception) at /Users/u0078517/NetBeansProjects/LabDB/app/cache/prod/classes.php line 4546 [] []
[2011-11-09 11:37:11] security.DEBUG: Write SecurityContext in the session [] []
[2011-11-09 11:37:11] security.DEBUG: Read SecurityContext from the session [] []
[2011-11-09 11:37:11] security.DEBUG: Reloading user from user provider. [] []
[2011-11-09 11:37:11] security.DEBUG: Username "admin" was reloaded from user provider. [] []
[2011-11-09 11:37:11] request.ERROR: Symfony\Component\HttpKernel\Exception\NotFoundHttpException: No route found for "GET /css/0955ac5.css" (uncaught exception) at /Users/u0078517/NetBeansProjects/LabDB/app/cache/prod/classes.php line 4546 [] []
[2011-11-09 11:37:11] security.DEBUG: Write SecurityContext in the session [] []
[2011-11-09 18:15:48] security.INFO: Populated SecurityContext with an anonymous Token [] []
[2011-11-09 18:15:48] request.ERROR: Symfony\Component\HttpKernel\Exception\NotFoundHttpException: No route found for "GET /css/0955ac5.css" (uncaught exception) at /Users/u0078517/NetBeansProjects/LabDB/app/cache/prod/classes.php line 4546 [] []
[2011-11-09 19:09:54] security.DEBUG: Read SecurityContext from the session [] []
[2011-11-09 19:09:54] security.DEBUG: Reloading user from user provider. [] []
[2011-11-09 19:09:54] security.DEBUG: Username "admin" was reloaded from user provider. [] []
[2011-11-09 19:09:54] request.ERROR: Symfony\Component\HttpKernel\Exception\NotFoundHttpException: No route found for "GET /css/0955ac5.css" (uncaught exception) at /Users/u0078517/NetBeansProjects/LabDB/app/cache/prod/classes.php line 4546 [] []
[2011-11-09 19:09:54] security.DEBUG: Write SecurityContext in the session [] []
[2011-11-09 19:09:54] security.DEBUG: Read SecurityContext from the session [] []
[2011-11-09 19:09:54] security.DEBUG: Reloading user from user provider. [] []
[2011-11-09 19:09:54] security.DEBUG: Username "admin" was reloaded from user provider. [] []
[2011-11-09 19:09:54] request.ERROR: Symfony\Component\HttpKernel\Exception\NotFoundHttpException: No route found for "GET /js/128d030.js" (uncaught exception) at /Users/u0078517/NetBeansProjects/LabDB/app/cache/prod/classes.php line 4546 [] []
[2011-11-09 19:09:54] security.DEBUG: Write SecurityContext in the session [] []
[2011-11-11 22:16:29] security.INFO: Populated SecurityContext with an anonymous Token [] []
[2011-11-11 22:16:29] request.ERROR: Symfony\Component\HttpKernel\Exception\NotFoundHttpException: No route found for "GET /css/0955ac5.css" (uncaught exception) at /Users/u0078517/NetBeansProjects/LabDB/app/cache/prod/classes.php line 4546 [] []
[2011-11-16 14:51:22] security.INFO: Populated SecurityContext with an anonymous Token [] []
[2011-11-16 14:51:22] request.ERROR: Symfony\Component\HttpKernel\Exception\NotFoundHttpException: No route found for "GET /css/0955ac5.css" (uncaught exception) at /Users/u0078517/NetBeansProjects/LabDB/app/cache/prod/classes.php line 4546 [] []
[2011-11-22 10:07:09] security.INFO: Populated SecurityContext with an anonymous Token [] []
[2011-11-22 10:07:09] request.ERROR: Symfony\Component\HttpKernel\Exception\NotFoundHttpException: No route found for "GET /css/0955ac5.css" (uncaught exception) at /Users/u0078517/NetBeansProjects/LabDB/app/cache/prod/classes.php line 4546 [] []
[2011-11-23 10:40:11] security.INFO: Populated SecurityContext with an anonymous Token [] []
[2011-11-23 10:40:11] request.ERROR: Symfony\Component\HttpKernel\Exception\NotFoundHttpException: No route found for "GET /css/0955ac5.css" (uncaught exception) at /Users/u0078517/NetBeansProjects/LabDB/app/cache/prod/classes.php line 4546 [] []
[2011-11-24 09:57:25] security.INFO: Populated SecurityContext with an anonymous Token [] []
[2011-11-24 09:57:25] request.ERROR: Symfony\Component\HttpKernel\Exception\NotFoundHttpException: No route found for "GET /css/0955ac5.css" (uncaught exception) at /Users/u0078517/NetBeansProjects/LabDB/app/cache/prod/classes.php line 4546 [] []
[2011-11-30 10:43:01] security.INFO: Populated SecurityContext with an anonymous Token [] []
[2011-11-30 10:43:01] request.ERROR: Symfony\Component\HttpKernel\Exception\NotFoundHttpException: No route found for "GET /css/0955ac5.css" (uncaught exception) at /Users/u0078517/NetBeansProjects/LabDB/app/cache/prod/classes.php line 4546 [] []
[2011-12-01 10:03:08] security.INFO: Populated SecurityContext with an anonymous Token [] []
[2011-12-01 10:03:08] request.ERROR: Symfony\Component\HttpKernel\Exception\NotFoundHttpException: No route found for "GET /css/0955ac5.css" (uncaught exception) at /Users/u0078517/NetBeansProjects/LabDB/app/cache/prod/classes.php line 4546 [] []
[2011-12-01 20:54:47] security.INFO: Populated SecurityContext with an anonymous Token [] []
[2011-12-01 20:54:47] request.ERROR: Symfony\Component\HttpKernel\Exception\NotFoundHttpException: No route found for "GET /css/0955ac5.css" (uncaught exception) at /Users/u0078517/NetBeansProjects/LabDB/app/cache/prod/classes.php line 4546 [] []
[2011-12-02 23:23:43] security.INFO: Populated SecurityContext with an anonymous Token [] []
[2011-12-02 23:23:43] request.ERROR: Symfony\Component\HttpKernel\Exception\NotFoundHttpException: No route found for "GET /css/0955ac5.css" (uncaught exception) at /Users/u0078517/NetBeansProjects/LabDB/app/cache/prod/classes.php line 4546 [] []
[2012-01-27 14:09:29] security.INFO: Populated SecurityContext with an anonymous Token [] []
[2012-01-27 14:09:29] request.ERROR: Symfony\Component\HttpKernel\Exception\NotFoundHttpException: No route found for "GET /css/0955ac5.css" (uncaught exception) at /Users/u0078517/NetBeansProjects/LabDB/app/cache/prod/classes.php line 4546 [] []
[2012-01-27 14:09:33] security.DEBUG: Read SecurityContext from the session [] []
[2012-01-27 14:09:33] security.DEBUG: Reloading user from user provider. [] []
[2012-01-27 14:09:33] security.DEBUG: Username "admin" was reloaded from user provider. [] []
[2012-01-27 14:09:33] request.ERROR: Symfony\Component\HttpKernel\Exception\NotFoundHttpException: No route found for "GET /css/0955ac5.css" (uncaught exception) at /Users/u0078517/NetBeansProjects/LabDB/app/cache/prod/classes.php line 4546 [] []
[2012-01-27 14:09:33] security.DEBUG: Write SecurityContext in the session [] []
[2012-01-27 14:09:33] security.DEBUG: Read SecurityContext from the session [] []
[2012-01-27 14:09:33] security.DEBUG: Reloading user from user provider. [] []
[2012-01-27 14:09:33] security.DEBUG: Username "admin" was reloaded from user provider. [] []
[2012-01-27 14:09:33] request.ERROR: Symfony\Component\HttpKernel\Exception\NotFoundHttpException: No route found for "GET /js/128d030.js" (uncaught exception) at /Users/u0078517/NetBeansProjects/LabDB/app/cache/prod/classes.php line 4546 [] []
[2012-01-27 14:09:33] security.DEBUG: Write SecurityContext in the session [] []
[2012-02-09 11:55:49] security.INFO: Populated SecurityContext with an anonymous Token [] []
[2012-02-09 11:55:49] request.ERROR: Symfony\Component\HttpKernel\Exception\NotFoundHttpException: No route found for "GET /css/0955ac5.css" (uncaught exception) at /Users/u0078517/NetBeansProjects/LabDB/app/cache/prod/classes.php line 4546 [] []
[2012-03-01 14:14:22] security.INFO: Populated SecurityContext with an anonymous Token [] []
[2012-03-01 14:14:22] request.ERROR: Symfony\Component\HttpKernel\Exception\NotFoundHttpException: No route found for "GET /css/0955ac5.css" (uncaught exception) at /Users/u0078517/NetBeansProjects/LabDB/app/cache/prod/classes.php line 4546 [] []
[2012-07-19 23:43:44] security.INFO: Populated SecurityContext with an anonymous Token [] []
[2012-07-19 23:43:44] request.ERROR: Symfony\Component\HttpKernel\Exception\NotFoundHttpException: No route found for "GET /css/0955ac5.css" (uncaught exception) at /Users/u0078517/NetBeansProjects/LabDB/app/cache/prod/classes.php line 4546 [] []
[2013-02-04 11:12:05] security.INFO: Populated SecurityContext with an anonymous Token [] []
[2013-02-04 11:12:05] request.ERROR: Symfony\Component\HttpKernel\Exception\NotFoundHttpException: No route found for "GET /css/0955ac5.css" (uncaught exception) at /Users/u0078517/NetBeansProjects/LabDB/app/cache/prod/classes.php line 4546 [] []
[2013-02-04 11:12:07] security.DEBUG: Read SecurityContext from the session [] []
[2013-02-04 11:12:07] security.DEBUG: Reloading user from user provider. [] []
[2013-02-04 11:12:07] security.DEBUG: Username "admin" was reloaded from user provider. [] []
[2013-02-04 11:12:07] request.INFO: Matched route "default" (parameters: "_controller": "VIB\FliesBundle\Controller\FlyVialController::listAction", "_route": "default") [] []
[2013-02-04 11:12:08] request.CRITICAL: PDOException: SQLSTATE[08006] [7] FATAL:  database "labdb" does not exist (uncaught exception) at /Users/u0078517/NetBeansProjects/LabDB/vendor/doctrine-dbal/lib/Doctrine/DBAL/Driver/PDOConnection.php line 36 [] []
[2013-02-04 11:12:08] security.DEBUG: Write SecurityContext in the session [] []
